<?xml version="1.0" encoding="UTF-8"?>
<!-- Generated by org.testng.reporters.JUnitXMLReporter -->
<testsuite hostname="My-PC" ignored="0" name="Default test" tests="3" failures="0" timestamp="2020-12-25T20:20:30 IST" time="39.473" errors="0">
  <testcase name="CreateNewEventTest" time="21.961" classname="com.qa.freecrm.calendar.testcases.CalendarTestCases"/>
  <testcase name="CreateNewEventTest2" time="8.586" classname="com.qa.freecrm.calendar.testcases.CalendarTestCases"/>
  <testcase name="CreateNewEventTest3" time="8.406" classname="com.qa.freecrm.calendar.testcases.CalendarTestCases"/>
</testsuite> <!-- Default test -->
