<?xml version="1.0" encoding="UTF-8"?>
<testng-results skipped="0" failed="0" ignored="0" total="1" passed="1">
  <reporter-output>
  </reporter-output>
  <suite name="Default suite" duration-ms="27153" started-at="2020-12-26T12:43:59 IST" finished-at="2020-12-26T12:44:26 IST">
    <groups>
    </groups>
    <test name="Default test" duration-ms="27153" started-at="2020-12-26T12:43:59 IST" finished-at="2020-12-26T12:44:26 IST">
      <class name="com.qa.freecrm.calendar.testcases.CalendarTestCases">
        <test-method status="PASS" signature="LaunchBrowser()[pri:0, instance:com.qa.freecrm.calendar.testcases.CalendarTestCases@1a8c74e]" name="LaunchBrowser" is-config="true" duration-ms="11058" started-at="2020-12-26T12:43:48 IST" finished-at="2020-12-26T12:43:59 IST">
          <reporter-output>
          </reporter-output>
        </test-method> <!-- LaunchBrowser -->
        <test-method status="PASS" signature="extentReportSetUp()[pri:0, instance:com.qa.freecrm.calendar.testcases.CalendarTestCases@1a8c74e]" name="extentReportSetUp" is-config="true" duration-ms="135" started-at="2020-12-26T12:43:59 IST" finished-at="2020-12-26T12:43:59 IST">
          <reporter-output>
          </reporter-output>
        </test-method> <!-- extentReportSetUp -->
        <test-method status="PASS" signature="CreateNewEventTest()[pri:0, instance:com.qa.freecrm.calendar.testcases.CalendarTestCases@1a8c74e]" name="CreateNewEventTest" duration-ms="26654" started-at="2020-12-26T12:43:59 IST" finished-at="2020-12-26T12:44:26 IST">
          <reporter-output>
          </reporter-output>
        </test-method> <!-- CreateNewEventTest -->
        <test-method status="PASS" signature="getResult(org.testng.ITestResult)[pri:0, instance:com.qa.freecrm.calendar.testcases.CalendarTestCases@1a8c74e]" name="getResult" is-config="true" duration-ms="22" started-at="2020-12-26T12:44:26 IST" finished-at="2020-12-26T12:44:26 IST">
          <params>
            <param index="0">
              <value>
                <![CDATA[[TestResult name=CreateNewEventTest status=SUCCESS method=CalendarTestCases.CreateNewEventTest()[pri:0, instance:com.qa.freecrm.calendar.testcases.CalendarTestCases@1a8c74e] output={null}]]]>
              </value>
            </param>
          </params>
          <reporter-output>
          </reporter-output>
        </test-method> <!-- getResult -->
        <test-method status="PASS" signature="endReport()[pri:0, instance:com.qa.freecrm.calendar.testcases.CalendarTestCases@1a8c74e]" name="endReport" is-config="true" duration-ms="292" started-at="2020-12-26T12:44:26 IST" finished-at="2020-12-26T12:44:26 IST">
          <reporter-output>
          </reporter-output>
        </test-method> <!-- endReport -->
        <test-method status="PASS" signature="tearDown()[pri:0, instance:com.qa.freecrm.calendar.testcases.CalendarTestCases@1a8c74e]" name="tearDown" is-config="true" duration-ms="49" started-at="2020-12-26T12:44:26 IST" finished-at="2020-12-26T12:44:26 IST">
          <reporter-output>
          </reporter-output>
        </test-method> <!-- tearDown -->
      </class> <!-- com.qa.freecrm.calendar.testcases.CalendarTestCases -->
    </test> <!-- Default test -->
  </suite> <!-- Default suite -->
</testng-results>
