<?xml version="1.0" encoding="UTF-8"?>
<testng-results skipped="0" failed="0" ignored="0" total="1" passed="1">
  <reporter-output>
  </reporter-output>
  <suite name="Practice" duration-ms="25487" started-at="2021-05-14T23:47:08 IST" finished-at="2021-05-14T23:47:34 IST">
    <groups>
    </groups>
    <test name="test" duration-ms="25487" started-at="2021-05-14T23:47:08 IST" finished-at="2021-05-14T23:47:34 IST">
      <class name="com.qa.AlertPopUpHandle">
        <test-method status="PASS" signature="AlertTest(java.lang.String)[pri:0, instance:com.qa.AlertPopUpHandle@1a5f880]" name="AlertTest" duration-ms="25372" started-at="2021-05-14T23:47:08 IST" finished-at="2021-05-14T23:47:34 IST">
          <params>
            <param index="0">
              <value>
                <![CDATA[chrome]]>
              </value>
            </param>
          </params>
          <reporter-output>
          </reporter-output>
        </test-method> <!-- AlertTest -->
      </class> <!-- com.qa.AlertPopUpHandle -->
    </test> <!-- test -->
  </suite> <!-- Practice -->
</testng-results>
